<?xml version="1.0" encoding="UTF-8"?>
<!-- Generated by org.testng.reporters.JUnitReportReporter -->
<testsuite skipped="0" hostname="JHANSI-PC" name="com.org.trujet.maven.selenium.Trujet" tests="1" failures="0" timestamp="24 Oct 2018 17:17:08 GMT" time="19.687" errors="0">
  <testcase name="WindowHandling" time="19.687" classname="com.org.trujet.maven.selenium.Trujet"/>
</testsuite> <!-- com.org.trujet.maven.selenium.Trujet -->
